

Microchip MPLAB XC8 Assembler V2.46 build 20240104201356 
                                                                                               Mon Jul 08 07:10:08 2024

Microchip MPLAB XC8 C Compiler v2.46 (Free license) build 20240104201356 Og1 
     1                           	processor	16F877A
     2                           	pagewidth 120
     3                           	opt	flic
     4                           	psect	idataCOMMON,global,class=CODE,delta=2,noexec
     5                           	psect	idataBANK0,global,class=CODE,delta=2,noexec
     6                           	psect	cinit,global,class=CODE,merge=1,delta=2
     7                           	psect	dataCOMMON,global,class=COMMON,space=1,delta=1,noexec
     8                           	psect	dataBANK0,global,class=BANK0,space=1,delta=1,noexec
     9                           	psect	inittext,global,class=CODE,delta=2
    10                           	psect	cstackCOMMON,global,class=COMMON,space=1,delta=1,noexec
    11                           	psect	maintext,global,class=CODE,split=1,delta=2
    12                           	psect	text1,local,class=CODE,merge=1,delta=2
    13                           	psect	text2,local,class=CODE,merge=1,delta=2
    14                           	psect	text3,local,class=CODE,merge=1,delta=2
    15                           	psect	config,global,abs,ovrld,class=CONFIG,space=4,delta=2,noexec
    16                           	dabs	1,0x7E,2
    17  0000                     
    18                           ; Generated 12/10/2023 GMT
    19                           ; 
    20                           ; Copyright © 2023, Microchip Technology Inc. and its subsidiaries ("Microchip")
    21                           ; All rights reserved.
    22                           ; 
    23                           ; This software is developed by Microchip Technology Inc. and its subsidiaries ("Microch
      +                          ip").
    24                           ; 
    25                           ; Redistribution and use in source and binary forms, with or without modification, are
    26                           ; permitted provided that the following conditions are met:
    27                           ; 
    28                           ;     1. Redistributions of source code must retain the above copyright notice, this lis
      +                          t of
    29                           ;        conditions and the following disclaimer.
    30                           ; 
    31                           ;     2. Redistributions in binary form must reproduce the above copyright notice, this 
      +                          list
    32                           ;        of conditions and the following disclaimer in the documentation and/or other
    33                           ;        materials provided with the distribution. Publication is not required when
    34                           ;        this file is used in an embedded application.
    35                           ; 
    36                           ;     3. Microchip's name may not be used to endorse or promote products derived from th
      +                          is
    37                           ;        software without specific prior written permission.
    38                           ; 
    39                           ; THIS SOFTWARE IS PROVIDED BY MICROCHIP "AS IS" AND ANY EXPRESS OR IMPLIED WARRANTIES,
    40                           ; INCLUDING, BUT NOT LIMITED TO, THE IMPLIED WARRANTIES OF MERCHANTABILITY AND FITNESS F
      +                          OR
    41                           ; PURPOSE ARE DISCLAIMED.  IN NO EVENT SHALL MICROCHIP BE LIABLE FOR ANY DIRECT, INDIREC
      +                          T,
    42                           ; INCIDENTAL, SPECIAL, EXEMPLARY, OR CONSEQUENTIAL DAMAGES (INCLUDING BUT NOT LIMITED TO
    43                           ; PROCUREMENT OF SUBSTITUTE GOODS OR SERVICES; LOSS OF USE, DATA OR PROFITS; OR BUSINESS
    44                           ; INTERRUPTION) HOWSOEVER CAUSED AND ON ANY THEORY OF LIABILITY, WHETHER IN CONTRACT, ST
      +                          RICT
    45                           ; LIABILITY, OR TORT (INCLUDING NEGLIGENCE OR OTHERWISE) ARISING IN ANY WAY OUT OF THE U
      +                          SE OF
    46                           ; THIS SOFTWARE, EVEN IF ADVISED OF THE POSSIBILITY OF SUCH DAMAGE.
    47                           ; 
    48                           ; 
    49                           ; Code-generator required, PIC16F877A Definitions
    50                           ; 
    51                           ; SFR Addresses
    52  0000                     	;# 
    53  0001                     	;# 
    54  0002                     	;# 
    55  0003                     	;# 
    56  0004                     	;# 
    57  0005                     	;# 
    58  0006                     	;# 
    59  0007                     	;# 
    60  0008                     	;# 
    61  0009                     	;# 
    62  000A                     	;# 
    63  000B                     	;# 
    64  000C                     	;# 
    65  000D                     	;# 
    66  000E                     	;# 
    67  000E                     	;# 
    68  000F                     	;# 
    69  0010                     	;# 
    70  0011                     	;# 
    71  0012                     	;# 
    72  0013                     	;# 
    73  0014                     	;# 
    74  0015                     	;# 
    75  0015                     	;# 
    76  0016                     	;# 
    77  0017                     	;# 
    78  0018                     	;# 
    79  0019                     	;# 
    80  001A                     	;# 
    81  001B                     	;# 
    82  001B                     	;# 
    83  001C                     	;# 
    84  001D                     	;# 
    85  001E                     	;# 
    86  001F                     	;# 
    87  0081                     	;# 
    88  0085                     	;# 
    89  0086                     	;# 
    90  0087                     	;# 
    91  0088                     	;# 
    92  0089                     	;# 
    93  008C                     	;# 
    94  008D                     	;# 
    95  008E                     	;# 
    96  0091                     	;# 
    97  0092                     	;# 
    98  0093                     	;# 
    99  0094                     	;# 
   100  0098                     	;# 
   101  0099                     	;# 
   102  009C                     	;# 
   103  009D                     	;# 
   104  009E                     	;# 
   105  009F                     	;# 
   106  010C                     	;# 
   107  010D                     	;# 
   108  010E                     	;# 
   109  010F                     	;# 
   110  018C                     	;# 
   111  018D                     	;# 
   112  0000                     	;# 
   113  0001                     	;# 
   114  0002                     	;# 
   115  0003                     	;# 
   116  0004                     	;# 
   117  0005                     	;# 
   118  0006                     	;# 
   119  0007                     	;# 
   120  0008                     	;# 
   121  0009                     	;# 
   122  000A                     	;# 
   123  000B                     	;# 
   124  000C                     	;# 
   125  000D                     	;# 
   126  000E                     	;# 
   127  000E                     	;# 
   128  000F                     	;# 
   129  0010                     	;# 
   130  0011                     	;# 
   131  0012                     	;# 
   132  0013                     	;# 
   133  0014                     	;# 
   134  0015                     	;# 
   135  0015                     	;# 
   136  0016                     	;# 
   137  0017                     	;# 
   138  0018                     	;# 
   139  0019                     	;# 
   140  001A                     	;# 
   141  001B                     	;# 
   142  001B                     	;# 
   143  001C                     	;# 
   144  001D                     	;# 
   145  001E                     	;# 
   146  001F                     	;# 
   147  0081                     	;# 
   148  0085                     	;# 
   149  0086                     	;# 
   150  0087                     	;# 
   151  0088                     	;# 
   152  0089                     	;# 
   153  008C                     	;# 
   154  008D                     	;# 
   155  008E                     	;# 
   156  0091                     	;# 
   157  0092                     	;# 
   158  0093                     	;# 
   159  0094                     	;# 
   160  0098                     	;# 
   161  0099                     	;# 
   162  009C                     	;# 
   163  009D                     	;# 
   164  009E                     	;# 
   165  009F                     	;# 
   166  010C                     	;# 
   167  010D                     	;# 
   168  010E                     	;# 
   169  010F                     	;# 
   170  018C                     	;# 
   171  018D                     	;# 
   172  0000                     	;# 
   173  0001                     	;# 
   174  0002                     	;# 
   175  0003                     	;# 
   176  0004                     	;# 
   177  0005                     	;# 
   178  0006                     	;# 
   179  0007                     	;# 
   180  0008                     	;# 
   181  0009                     	;# 
   182  000A                     	;# 
   183  000B                     	;# 
   184  000C                     	;# 
   185  000D                     	;# 
   186  000E                     	;# 
   187  000E                     	;# 
   188  000F                     	;# 
   189  0010                     	;# 
   190  0011                     	;# 
   191  0012                     	;# 
   192  0013                     	;# 
   193  0014                     	;# 
   194  0015                     	;# 
   195  0015                     	;# 
   196  0016                     	;# 
   197  0017                     	;# 
   198  0018                     	;# 
   199  0019                     	;# 
   200  001A                     	;# 
   201  001B                     	;# 
   202  001B                     	;# 
   203  001C                     	;# 
   204  001D                     	;# 
   205  001E                     	;# 
   206  001F                     	;# 
   207  0081                     	;# 
   208  0085                     	;# 
   209  0086                     	;# 
   210  0087                     	;# 
   211  0088                     	;# 
   212  0089                     	;# 
   213  008C                     	;# 
   214  008D                     	;# 
   215  008E                     	;# 
   216  0091                     	;# 
   217  0092                     	;# 
   218  0093                     	;# 
   219  0094                     	;# 
   220  0098                     	;# 
   221  0099                     	;# 
   222  009C                     	;# 
   223  009D                     	;# 
   224  009E                     	;# 
   225  009F                     	;# 
   226  010C                     	;# 
   227  010D                     	;# 
   228  010E                     	;# 
   229  010F                     	;# 
   230  018C                     	;# 
   231  018D                     	;# 
   232  0000                     	;# 
   233  0001                     	;# 
   234  0002                     	;# 
   235  0003                     	;# 
   236  0004                     	;# 
   237  0005                     	;# 
   238  0006                     	;# 
   239  0007                     	;# 
   240  0008                     	;# 
   241  0009                     	;# 
   242  000A                     	;# 
   243  000B                     	;# 
   244  000C                     	;# 
   245  000D                     	;# 
   246  000E                     	;# 
   247  000E                     	;# 
   248  000F                     	;# 
   249  0010                     	;# 
   250  0011                     	;# 
   251  0012                     	;# 
   252  0013                     	;# 
   253  0014                     	;# 
   254  0015                     	;# 
   255  0015                     	;# 
   256  0016                     	;# 
   257  0017                     	;# 
   258  0018                     	;# 
   259  0019                     	;# 
   260  001A                     	;# 
   261  001B                     	;# 
   262  001B                     	;# 
   263  001C                     	;# 
   264  001D                     	;# 
   265  001E                     	;# 
   266  001F                     	;# 
   267  0081                     	;# 
   268  0085                     	;# 
   269  0086                     	;# 
   270  0087                     	;# 
   271  0088                     	;# 
   272  0089                     	;# 
   273  008C                     	;# 
   274  008D                     	;# 
   275  008E                     	;# 
   276  0091                     	;# 
   277  0092                     	;# 
   278  0093                     	;# 
   279  0094                     	;# 
   280  0098                     	;# 
   281  0099                     	;# 
   282  009C                     	;# 
   283  009D                     	;# 
   284  009E                     	;# 
   285  009F                     	;# 
   286  010C                     	;# 
   287  010D                     	;# 
   288  010E                     	;# 
   289  010F                     	;# 
   290  018C                     	;# 
   291  018D                     	;# 
   292                           
   293                           	psect	idataCOMMON
   294  0000'                    __pidataCOMMON:
   295                           
   296                           ;initializer for _pin2
   297  0000' 340A               	retlw	10
   298                           
   299                           ;initializer for _pin
   300  0001' 3442               	retlw	66
   301                           
   302                           	psect	idataBANK0
   303  0000'                    __pidataBANK0:
   304                           
   305                           ;initializer for _port_registers
   306  0000' 3405               	retlw	5
   307  0001' 3400               	retlw	0
   308  0002' 3406               	retlw	6
   309  0003' 3400               	retlw	0
   310  0004' 3407               	retlw	7
   311  0005' 3400               	retlw	0
   312  0006' 3408               	retlw	8
   313  0007' 3400               	retlw	0
   314  0008' 3409               	retlw	9
   315  0009' 3400               	retlw	0
   316                           
   317                           ;initializer for _tris_registers
   318  000A' 3485               	retlw	133
   319  000B' 3400               	retlw	0
   320  000C' 3486               	retlw	134
   321  000D' 3400               	retlw	0
   322  000E' 3487               	retlw	135
   323  000F' 3400               	retlw	0
   324  0010' 3488               	retlw	136
   325  0011' 3400               	retlw	0
   326  0012' 3489               	retlw	137
   327  0013' 3400               	retlw	0
   328  0009                     _PORTE	set	9
   329  0008                     _PORTD	set	8
   330  0007                     _PORTC	set	7
   331  0006                     _PORTB	set	6
   332  0005                     _PORTA	set	5
   333  0089                     _TRISE	set	137
   334  0088                     _TRISD	set	136
   335  0087                     _TRISC	set	135
   336  0086                     _TRISB	set	134
   337  0085                     _TRISA	set	133
   338                           
   339                           	psect	cinit
   340  0000'                    start_initialization:	
   341                           ; #config settings
   342                           
   343  0000'                    __initialization:
   344                           
   345                           ; Initialize objects allocated to BANK0
   346  0000' 1383               	bcf	3,7	;select IRP bank0
   347  0001' 3000'              	movlw	low (__pdataBANK0+20)
   348  0002' 00FD               	movwf	btemp+-1
   349  0003' 3000'              	movlw	high __pidataBANK0
   350  0004' 00FE               	movwf	btemp
   351  0005' 3000'              	movlw	low __pidataBANK0
   352  0006' 00FF               	movwf	btemp+1
   353  0007' 3000'              	movlw	low __pdataBANK0
   354  0008' 0084               	movwf	4
   355  0009' 120A' 118A' 2000' 120A' 118A' 	fcall	init_ram0
   356                           
   357                           ; Initialize objects allocated to COMMON
   358  000E' 120A' 118A' 2000' 120A' 118A' 	fcall	__pidataCOMMON	;fetch initializer
   359  0013' 0080'              	movwf	__pdataCOMMON& (0+127)
   360  0014' 120A' 118A' 2000' 120A' 118A' 	fcall	__pidataCOMMON+1	;fetch initializer
   361  0019' 0080'              	movwf	(__pdataCOMMON+1)& (0+127)
   362  001A'                    end_of_initialization:	
   363                           ;End of C runtime variable initialization code
   364                           
   365  001A'                    __end_of__initialization:
   366  001A' 0183               	clrf	3
   367  001B' 120A' 118A' 2800'  	ljmp	_main	;jump to C main() function
   368                           
   369                           	psect	dataCOMMON
   370  0000'                    __pdataCOMMON:
   371  0000'                    _pin2:
   372  0000'                    	ds	1
   373  0001'                    _pin:
   374  0001'                    	ds	1
   375                           
   376                           	psect	dataBANK0
   377  0000'                    __pdataBANK0:
   378  0000'                    _port_registers:
   379  0000'                    	ds	10
   380  000A'                    _tris_registers:
   381  000A'                    	ds	10
   382                           
   383                           	psect	inittext
   384  0000'                    init_fetch0:	
   385                           ;	Called with low address in FSR and high address in W
   386                           
   387  0000' 087E               	movf	btemp,w
   388  0001' 008A               	movwf	10
   389  0002' 087F               	movf	btemp+1,w
   390  0003' 0082               	movwf	2
   391  0004'                    init_ram0:	
   392                           ;Called with:
   393                           ;	high address of idata address in btemp 
   394                           ;	low address of idata address in btemp+1 
   395                           ;	low address of data in FSR
   396                           ;	high address + 1 of data in btemp-1
   397                           
   398  0004' 120A' 118A' 2000' 120A' 118A' 	fcall	init_fetch0
   399  0009' 0080               	movwf	0
   400  000A' 0A84               	incf	4,f
   401  000B' 0804               	movf	4,w
   402  000C' 067D               	xorwf	btemp+-1,w
   403  000D' 1903               	btfsc	3,2
   404  000E' 3400               	retlw	0
   405  000F' 0AFF               	incf	btemp+1,f
   406  0010' 1903               	btfsc	3,2
   407  0011' 0AFE               	incf	btemp,f
   408  0012' 2800'              	goto	init_ram0
   409                           
   410                           	psect	cstackCOMMON
   411  0000'                    __pcstackCOMMON:
   412  0000'                    ?_gpio_pin_initialize:
   413  0000'                    ??___delay_ms:	
   414                           ; 1 bytes @ 0x0
   415                           
   416  0000'                    ?_gpio_pin_write_logic:	
   417                           ; 1 bytes @ 0x0
   418                           
   419  0000'                    ?_gpio_pin_direction_initialize:	
   420                           ; 1 bytes @ 0x0
   421                           
   422  0000'                    ??_gpio_pin_direction_initialize:	
   423                           ; 1 bytes @ 0x0
   424                           
   425  0000'                    ?___delay_ms:	
   426                           ; 1 bytes @ 0x0
   427                           
   428  0000'                    ?_main:	
   429                           ; 2 bytes @ 0x0
   430                           
   431  0000'                    gpio_pin_write_logic@logic:	
   432                           ; 2 bytes @ 0x0
   433                           
   434                           
   435                           ; 1 bytes @ 0x0
   436  0000'                    	ds	1
   437  0001'                    ??_gpio_pin_write_logic:
   438                           
   439                           ; 1 bytes @ 0x1
   440  0001'                    	ds	4
   441  0005'                    gpio_pin_direction_initialize@pin:
   442                           
   443                           ; 1 bytes @ 0x5
   444  0005'                    	ds	1
   445  0006'                    gpio_pin_write_logic@pin:
   446                           
   447                           ; 1 bytes @ 0x6
   448  0006'                    	ds	1
   449  0007'                    ??_gpio_pin_initialize:
   450  0007'                    gpio_pin_initialize@pin:	
   451                           ; 1 bytes @ 0x7
   452                           
   453                           
   454                           ; 1 bytes @ 0x7
   455  0007'                    	ds	1
   456  0008'                    ??_main:
   457                           
   458                           	psect	maintext
   459  0000'                    __pmaintext:	
   460                           ; 1 bytes @ 0x8
   461 ;;
   462 ;;Main: autosize = 0, tempsize = 0, incstack = 0, save=0
   463 ;;
   464 ;; *************** function _main *****************
   465 ;; Defined at:
   466 ;;		line 10 in file "Temperature_Controlled_Fan_System.c"
   467 ;; Parameters:    Size  Location     Type
   468 ;;		None
   469 ;; Auto vars:     Size  Location     Type
   470 ;;		None
   471 ;; Return value:  Size  Location     Type
   472 ;;                  2   14[None  ] int 
   473 ;; Registers used:
   474 ;;		wreg, fsr0l, fsr0h, fsr1l, fsr1h, fsr1l, fsr1h, status,2, status,0, btemp+1, pclath, cstack
   475 ;; Tracked objects:
   476 ;;		On entry : B00/0
   477 ;;		On exit  : 0/0
   478 ;;		Unchanged: 0/0
   479 ;; Data sizes:     COMMON   BANK0   BANK1   BANK3   BANK2
   480 ;;      Params:         0       0       0       0       0
   481 ;;      Locals:         0       0       0       0       0
   482 ;;      Temps:          0       0       0       0       0
   483 ;;      Totals:         0       0       0       0       0
   484 ;;Total ram usage:        0 bytes
   485 ;; Hardware stack levels required when called: 2
   486 ;; This function calls:
   487 ;;		___delay_ms
   488 ;;		_gpio_pin_initialize
   489 ;;		_gpio_pin_write_logic
   490 ;; This function is called by:
   491 ;;		Startup code after reset
   492 ;; This function uses a non-reentrant model
   493 ;;
   494                           
   495  0000'                    _main:	
   496                           ;psect for function _main
   497                           
   498  0000'                    l754:	
   499                           ;incstack = 0
   500                           ; Regs used in _main: [allreg]
   501                           
   502                           
   503                           ;Temperature_Controlled_Fan_System.c: 11: gpio_pin_initialize(&pin);
   504  0000' 3000'              	movlw	(low (_pin| 0))& (0+255)
   505  0001' 120A' 118A' 2000' 120A' 118A' 	fcall	_gpio_pin_initialize
   506                           
   507                           ;Temperature_Controlled_Fan_System.c: 12: gpio_pin_initialize(&pin2);
   508  0006' 3000'              	movlw	(low (_pin2| 0))& (0+255)
   509  0007' 120A' 118A' 2000' 120A' 118A' 	fcall	_gpio_pin_initialize
   510  000C'                    l756:
   511                           
   512                           ;Temperature_Controlled_Fan_System.c: 14:     __delay_ms(10000);
   513  000C' 3010               	movlw	16
   514  000D' 0080'              	movwf	?___delay_ms
   515  000E' 3027               	movlw	39
   516  000F' 0081'              	movwf	?___delay_ms+1
   517  0010' 120A' 118A' 2000' 120A' 118A' 	fcall	___delay_ms
   518  0015'                    l758:
   519                           
   520                           ;Temperature_Controlled_Fan_System.c: 15: gpio_pin_write_logic(&pin,GPIO_HIGH);
   521  0015' 0180'              	clrf	gpio_pin_write_logic@logic
   522  0016' 0A80'              	incf	gpio_pin_write_logic@logic,f
   523  0017' 3000'              	movlw	(low (_pin| 0))& (0+255)
   524  0018' 120A' 118A' 2000' 120A' 118A' 	fcall	_gpio_pin_write_logic
   525                           
   526                           ;Temperature_Controlled_Fan_System.c: 16:    __delay_ms(10000);
   527  001D' 3010               	movlw	16
   528  001E' 0080'              	movwf	?___delay_ms
   529  001F' 3027               	movlw	39
   530  0020' 0081'              	movwf	?___delay_ms+1
   531  0021' 120A' 118A' 2000' 120A' 118A' 	fcall	___delay_ms
   532  0026'                    l760:
   533                           
   534                           ;Temperature_Controlled_Fan_System.c: 17: gpio_pin_write_logic(&pin,GPIO_LOW);
   535  0026' 0180'              	clrf	gpio_pin_write_logic@logic
   536  0027' 3000'              	movlw	(low (_pin| 0))& (0+255)
   537  0028' 120A' 118A' 2000' 120A' 118A' 	fcall	_gpio_pin_write_logic
   538  002D' 2800'              	goto	l756
   539  002E' 120A' 118A' 2800'  	ljmp	start
   540  0031'                    __end_of_main:
   541                           
   542                           	psect	text1
   543  0000'                    __ptext1:	
   544 ;; *************** function _gpio_pin_initialize *****************
   545 ;; Defined at:
   546 ;;		line 78 in file "MCAL_LAYER/GPIO/mcal_gpio.c"
   547 ;; Parameters:    Size  Location     Type
   548 ;;  pin             1    wreg     PTR const struct .
   549 ;;		 -> pin2(1), pin(1), 
   550 ;; Auto vars:     Size  Location     Type
   551 ;;  pin             1    7[COMMON] PTR const struct .
   552 ;;		 -> pin2(1), pin(1), 
   553 ;;  ret             1    0        unsigned char 
   554 ;; Return value:  Size  Location     Type
   555 ;;                  1    wreg      unsigned char 
   556 ;; Registers used:
   557 ;;		wreg, fsr0l, fsr0h, status,2, status,0, btemp+1, pclath, cstack
   558 ;; Tracked objects:
   559 ;;		On entry : 0/0
   560 ;;		On exit  : 0/0
   561 ;;		Unchanged: 0/0
   562 ;; Data sizes:     COMMON   BANK0   BANK1   BANK3   BANK2
   563 ;;      Params:         0       0       0       0       0
   564 ;;      Locals:         1       0       0       0       0
   565 ;;      Temps:          0       0       0       0       0
   566 ;;      Totals:         1       0       0       0       0
   567 ;;Total ram usage:        1 bytes
   568 ;; Hardware stack levels used: 1
   569 ;; Hardware stack levels required when called: 1
   570 ;; This function calls:
   571 ;;		_gpio_pin_direction_initialize
   572 ;;		_gpio_pin_write_logic
   573 ;; This function is called by:
   574 ;;		_main
   575 ;; This function uses a non-reentrant model
   576 ;;
   577                           
   578  0000'                    _gpio_pin_initialize:	
   579                           ;psect for function _gpio_pin_initialize
   580                           
   581                           
   582                           ;incstack = 0
   583                           ; Regs used in _gpio_pin_initialize: [wreg-fsr0h+status,2+status,0+btemp+1+pclath+cstack
      +                          ]
   584                           ;gpio_pin_initialize@pin stored from wreg
   585  0000' 0087'              	movwf	gpio_pin_initialize@pin
   586  0001'                    l744:
   587  0001'                    l746:
   588                           
   589                           ;MCAL_LAYER/GPIO/mcal_gpio.c: 80:     if(pin == ((void*)0)){
   590  0001' 0807'              	movf	gpio_pin_initialize@pin,w
   591  0002' 1D03               	btfss	3,2
   592  0003' 2800'              	goto	u221
   593  0004' 2800'              	goto	u220
   594  0005'                    u221:
   595  0005' 2800'              	goto	l750
   596  0006'                    u220:
   597  0006'                    l748:
   598                           
   599                           ;MCAL_LAYER/GPIO/mcal_gpio.c: 82:     }
   600  0006' 2800'              	goto	l84
   601  0007'                    l750:
   602                           
   603                           ;MCAL_LAYER/GPIO/mcal_gpio.c: 84:         gpio_pin_direction_initialize(pin);
   604  0007' 0807'              	movf	gpio_pin_initialize@pin,w
   605  0008' 120A' 118A' 2000' 120A' 118A' 	fcall	_gpio_pin_direction_initialize
   606                           
   607                           ;MCAL_LAYER/GPIO/mcal_gpio.c: 85:         gpio_pin_write_logic(pin,pin->logic);
   608  000D' 0807'              	movf	gpio_pin_initialize@pin,w
   609  000E' 0084               	movwf	4
   610  000F' 3000               	movlw	0
   611  0010' 1B00               	btfsc	0,6
   612  0011' 3001               	movlw	1
   613  0012' 0080'              	movwf	gpio_pin_write_logic@logic
   614  0013' 0807'              	movf	gpio_pin_initialize@pin,w
   615  0014' 120A' 118A' 2000' 120A' 118A' 	fcall	_gpio_pin_write_logic
   616  0019'                    l84:
   617  0019' 0008               	return
   618  001A'                    __end_of_gpio_pin_initialize:
   619                           
   620                           	psect	text2
   621  0000'                    __ptext2:	
   622 ;; *************** function _gpio_pin_write_logic *****************
   623 ;; Defined at:
   624 ;;		line 41 in file "MCAL_LAYER/GPIO/mcal_gpio.c"
   625 ;; Parameters:    Size  Location     Type
   626 ;;  pin             1    wreg     PTR const struct .
   627 ;;		 -> pin2(1), pin(1), 
   628 ;;  logic           1    0[COMMON] enum E1300
   629 ;; Auto vars:     Size  Location     Type
   630 ;;  pin             1    6[COMMON] PTR const struct .
   631 ;;		 -> pin2(1), pin(1), 
   632 ;;  ret             1    0        unsigned char 
   633 ;; Return value:  Size  Location     Type
   634 ;;                  1    wreg      unsigned char 
   635 ;; Registers used:
   636 ;;		wreg, fsr0l, fsr0h, status,2, status,0, btemp+1
   637 ;; Tracked objects:
   638 ;;		On entry : 0/0
   639 ;;		On exit  : 0/0
   640 ;;		Unchanged: 0/0
   641 ;; Data sizes:     COMMON   BANK0   BANK1   BANK3   BANK2
   642 ;;      Params:         1       0       0       0       0
   643 ;;      Locals:         1       0       0       0       0
   644 ;;      Temps:          5       0       0       0       0
   645 ;;      Totals:         7       0       0       0       0
   646 ;;Total ram usage:        7 bytes
   647 ;; Hardware stack levels used: 1
   648 ;; This function calls:
   649 ;;		Nothing
   650 ;; This function is called by:
   651 ;;		_main
   652 ;;		_gpio_pin_initialize
   653 ;; This function uses a non-reentrant model
   654 ;;
   655                           
   656  0000'                    _gpio_pin_write_logic:	
   657                           ;psect for function _gpio_pin_write_logic
   658                           
   659                           
   660                           ;incstack = 0
   661                           ; Regs used in _gpio_pin_write_logic: [wreg-fsr0h+status,2+status,0+btemp+1]
   662                           ;gpio_pin_write_logic@pin stored from wreg
   663  0000' 0086'              	movwf	gpio_pin_write_logic@pin
   664  0001'                    l712:
   665  0001'                    l714:
   666                           
   667                           ;MCAL_LAYER/GPIO/mcal_gpio.c: 43:     if(pin == ((void*)0)){
   668  0001' 0806'              	movf	gpio_pin_write_logic@pin,w
   669  0002' 1D03               	btfss	3,2
   670  0003' 2800'              	goto	u161
   671  0004' 2800'              	goto	u160
   672  0005'                    u161:
   673  0005' 2800'              	goto	l724
   674  0006'                    u160:
   675  0006'                    l716:
   676                           
   677                           ;MCAL_LAYER/GPIO/mcal_gpio.c: 45:     }
   678  0006' 2800'              	goto	l67
   679  0007'                    l718:
   680                           
   681                           ;MCAL_LAYER/GPIO/mcal_gpio.c: 49:                 (*port_registers[pin->port] |= (0x01 <
      +                          < pin->pin));
   682  0007' 3001               	movlw	1
   683  0008' 0081'              	movwf	??_gpio_pin_write_logic
   684  0009' 0806'              	movf	gpio_pin_write_logic@pin,w
   685  000A' 0084               	movwf	4
   686  000B' 0C00               	rrf	0,w
   687  000C' 0082'              	movwf	??_gpio_pin_write_logic+1
   688  000D' 0C82'              	rrf	??_gpio_pin_write_logic+1,f
   689  000E' 0C02'              	rrf	??_gpio_pin_write_logic+1,w
   690  000F' 3907               	andlw	7
   691  0010' 3E01               	addlw	1
   692  0011' 2800'              	goto	u174
   693  0012'                    u175:
   694  0012' 1003               	clrc
   695  0013' 0D81'              	rlf	??_gpio_pin_write_logic,f
   696  0014'                    u174:
   697  0014' 3EFF               	addlw	-1
   698  0015' 1D03               	skipz
   699  0016' 2800'              	goto	u175
   700  0017' 0801'              	movf	??_gpio_pin_write_logic,w
   701  0018' 00FF               	movwf	btemp+1
   702  0019' 0806'              	movf	gpio_pin_write_logic@pin,w
   703  001A' 0084               	movwf	4
   704  001B' 0800               	movf	0,w
   705  001C' 3907               	andlw	7
   706  001D' 0083'              	movwf	??_gpio_pin_write_logic+2
   707  001E' 0703'              	addwf	??_gpio_pin_write_logic+2,w
   708  001F' 3E00'              	addlw	(low (_port_registers| 0))& (0+255)
   709  0020' 0084               	movwf	4
   710  0021' 1383               	bcf	3,7	;select IRP bank0
   711  0022' 0800               	movf	0,w
   712  0023' 0084'              	movwf	??_gpio_pin_write_logic+3
   713  0024' 0A84               	incf	4,f
   714  0025' 0800               	movf	0,w
   715  0026' 0085'              	movwf	??_gpio_pin_write_logic+4
   716  0027' 0804'              	movf	??_gpio_pin_write_logic+3,w
   717  0028' 0084               	movwf	4
   718  0029' 1783               	bsf	3,7
   719  002A' 1C05'              	btfss	??_gpio_pin_write_logic+4,0
   720  002B' 1383               	bcf	3,7
   721  002C' 087F               	movf	btemp+1,w
   722  002D' 0480               	iorwf	0,f
   723                           
   724                           ;MCAL_LAYER/GPIO/mcal_gpio.c: 50:                 break;
   725  002E' 2800'              	goto	l67
   726  002F'                    l720:
   727                           
   728                           ;MCAL_LAYER/GPIO/mcal_gpio.c: 52:                 (*port_registers[pin->port] &= ~(0x01 
      +                          << pin->pin));
   729  002F' 3001               	movlw	1
   730  0030' 0081'              	movwf	??_gpio_pin_write_logic
   731  0031' 0806'              	movf	gpio_pin_write_logic@pin,w
   732  0032' 0084               	movwf	4
   733  0033' 0C00               	rrf	0,w
   734  0034' 0082'              	movwf	??_gpio_pin_write_logic+1
   735  0035' 0C82'              	rrf	??_gpio_pin_write_logic+1,f
   736  0036' 0C02'              	rrf	??_gpio_pin_write_logic+1,w
   737  0037' 3907               	andlw	7
   738  0038' 3E01               	addlw	1
   739  0039' 2800'              	goto	u184
   740  003A'                    u185:
   741  003A' 1003               	clrc
   742  003B' 0D81'              	rlf	??_gpio_pin_write_logic,f
   743  003C'                    u184:
   744  003C' 3EFF               	addlw	-1
   745  003D' 1D03               	skipz
   746  003E' 2800'              	goto	u185
   747  003F' 0801'              	movf	??_gpio_pin_write_logic,w
   748  0040' 3AFF               	xorlw	255
   749  0041' 00FF               	movwf	btemp+1
   750  0042' 0806'              	movf	gpio_pin_write_logic@pin,w
   751  0043' 0084               	movwf	4
   752  0044' 0800               	movf	0,w
   753  0045' 3907               	andlw	7
   754  0046' 0083'              	movwf	??_gpio_pin_write_logic+2
   755  0047' 0703'              	addwf	??_gpio_pin_write_logic+2,w
   756  0048' 3E00'              	addlw	(low (_port_registers| 0))& (0+255)
   757  0049' 0084               	movwf	4
   758  004A' 1383               	bcf	3,7	;select IRP bank0
   759  004B' 0800               	movf	0,w
   760  004C' 0084'              	movwf	??_gpio_pin_write_logic+3
   761  004D' 0A84               	incf	4,f
   762  004E' 0800               	movf	0,w
   763  004F' 0085'              	movwf	??_gpio_pin_write_logic+4
   764  0050' 0804'              	movf	??_gpio_pin_write_logic+3,w
   765  0051' 0084               	movwf	4
   766  0052' 1783               	bsf	3,7
   767  0053' 1C05'              	btfss	??_gpio_pin_write_logic+4,0
   768  0054' 1383               	bcf	3,7
   769  0055' 087F               	movf	btemp+1,w
   770  0056' 0580               	andwf	0,f
   771                           
   772                           ;MCAL_LAYER/GPIO/mcal_gpio.c: 53:                 break;
   773  0057' 2800'              	goto	l67
   774  0058'                    l724:
   775  0058' 0800'              	movf	gpio_pin_write_logic@logic,w
   776  0059' 0081'              	movwf	??_gpio_pin_write_logic
   777  005A' 0182'              	clrf	??_gpio_pin_write_logic+1
   778                           
   779                           ; Switch on 2 bytes has been partitioned into a top level switch of size 1, and 1 sub-sw
      +                          itches
   780                           ; Switch size 1, requested type "simple"
   781                           ; Number of cases is 1, Range of values is 0 to 0
   782                           ; switch strategies available:
   783                           ; Name         Instructions Cycles
   784                           ; simple_byte            4     3 (average)
   785                           ; direct_byte           11     8 (fixed)
   786                           ; jumptable            260     6 (fixed)
   787                           ;	Chosen strategy is simple_byte
   788  005B' 0802'              	movf	??_gpio_pin_write_logic+1,w
   789  005C' 3A00               	xorlw	0	; case 0
   790  005D' 1903               	skipnz
   791  005E' 2800'              	goto	l796
   792  005F' 2800'              	goto	l67
   793  0060'                    l796:
   794                           
   795                           ; Switch size 1, requested type "simple"
   796                           ; Number of cases is 2, Range of values is 0 to 1
   797                           ; switch strategies available:
   798                           ; Name         Instructions Cycles
   799                           ; simple_byte            7     4 (average)
   800                           ; direct_byte           14     8 (fixed)
   801                           ; jumptable            260     6 (fixed)
   802                           ;	Chosen strategy is simple_byte
   803  0060' 0801'              	movf	??_gpio_pin_write_logic,w
   804  0061' 3A00               	xorlw	0	; case 0
   805  0062' 1903               	skipnz
   806  0063' 2800'              	goto	l720
   807  0064' 3A01               	xorlw	1	; case 1
   808  0065' 1903               	skipnz
   809  0066' 2800'              	goto	l718
   810  0067' 2800'              	goto	l67
   811  0068'                    l67:
   812  0068' 0008               	return
   813  0069'                    __end_of_gpio_pin_write_logic:
   814                           
   815                           	psect	text3
   816  0000'                    __ptext3:	
   817 ;; *************** function _gpio_pin_direction_initialize *****************
   818 ;; Defined at:
   819 ;;		line 14 in file "MCAL_LAYER/GPIO/mcal_gpio.c"
   820 ;; Parameters:    Size  Location     Type
   821 ;;  pin             1    wreg     PTR const struct .
   822 ;;		 -> pin2(1), pin(1), 
   823 ;; Auto vars:     Size  Location     Type
   824 ;;  pin             1    5[COMMON] PTR const struct .
   825 ;;		 -> pin2(1), pin(1), 
   826 ;;  ret             1    0        unsigned char 
   827 ;; Return value:  Size  Location     Type
   828 ;;                  1    wreg      unsigned char 
   829 ;; Registers used:
   830 ;;		wreg, fsr0l, fsr0h, status,2, status,0, btemp+1
   831 ;; Tracked objects:
   832 ;;		On entry : 0/0
   833 ;;		On exit  : 0/0
   834 ;;		Unchanged: 0/0
   835 ;; Data sizes:     COMMON   BANK0   BANK1   BANK3   BANK2
   836 ;;      Params:         0       0       0       0       0
   837 ;;      Locals:         1       0       0       0       0
   838 ;;      Temps:          5       0       0       0       0
   839 ;;      Totals:         6       0       0       0       0
   840 ;;Total ram usage:        6 bytes
   841 ;; Hardware stack levels used: 1
   842 ;; This function calls:
   843 ;;		Nothing
   844 ;; This function is called by:
   845 ;;		_gpio_pin_initialize
   846 ;; This function uses a non-reentrant model
   847 ;;
   848                           
   849  0000'                    _gpio_pin_direction_initialize:	
   850                           ;psect for function _gpio_pin_direction_initialize
   851                           
   852                           
   853                           ;incstack = 0
   854                           ; Regs used in _gpio_pin_direction_initialize: [wreg-fsr0h+status,2+status,0+btemp+1]
   855                           ;gpio_pin_direction_initialize@pin stored from wreg
   856  0000' 0085'              	movwf	gpio_pin_direction_initialize@pin
   857  0001'                    l730:
   858  0001'                    l732:
   859                           
   860                           ;MCAL_LAYER/GPIO/mcal_gpio.c: 16:     if(pin == ((void*)0)){
   861  0001' 0805'              	movf	gpio_pin_direction_initialize@pin,w
   862  0002' 1D03               	btfss	3,2
   863  0003' 2800'              	goto	u191
   864  0004' 2800'              	goto	u190
   865  0005'                    u191:
   866  0005' 2800'              	goto	l742
   867  0006'                    u190:
   868  0006'                    l734:
   869                           
   870                           ;MCAL_LAYER/GPIO/mcal_gpio.c: 18:     }
   871  0006' 2800'              	goto	l51
   872  0007'                    l736:
   873                           
   874                           ;MCAL_LAYER/GPIO/mcal_gpio.c: 22:                 (*tris_registers[pin->port] &= ~(0x01 
      +                          << pin->pin));
   875  0007' 3001               	movlw	1
   876  0008' 0080'              	movwf	??_gpio_pin_direction_initialize
   877  0009' 0805'              	movf	gpio_pin_direction_initialize@pin,w
   878  000A' 0084               	movwf	4
   879  000B' 0C00               	rrf	0,w
   880  000C' 0081'              	movwf	??_gpio_pin_direction_initialize+1
   881  000D' 0C81'              	rrf	??_gpio_pin_direction_initialize+1,f
   882  000E' 0C01'              	rrf	??_gpio_pin_direction_initialize+1,w
   883  000F' 3907               	andlw	7
   884  0010' 3E01               	addlw	1
   885  0011' 2800'              	goto	u204
   886  0012'                    u205:
   887  0012' 1003               	clrc
   888  0013' 0D80'              	rlf	??_gpio_pin_direction_initialize,f
   889  0014'                    u204:
   890  0014' 3EFF               	addlw	-1
   891  0015' 1D03               	skipz
   892  0016' 2800'              	goto	u205
   893  0017' 0800'              	movf	??_gpio_pin_direction_initialize,w
   894  0018' 3AFF               	xorlw	255
   895  0019' 00FF               	movwf	btemp+1
   896  001A' 0805'              	movf	gpio_pin_direction_initialize@pin,w
   897  001B' 0084               	movwf	4
   898  001C' 0800               	movf	0,w
   899  001D' 3907               	andlw	7
   900  001E' 0082'              	movwf	??_gpio_pin_direction_initialize+2
   901  001F' 0702'              	addwf	??_gpio_pin_direction_initialize+2,w
   902  0020' 3E00'              	addlw	(low (_tris_registers| 0))& (0+255)
   903  0021' 0084               	movwf	4
   904  0022' 1383               	bcf	3,7	;select IRP bank0
   905  0023' 0800               	movf	0,w
   906  0024' 0083'              	movwf	??_gpio_pin_direction_initialize+3
   907  0025' 0A84               	incf	4,f
   908  0026' 0800               	movf	0,w
   909  0027' 0084'              	movwf	??_gpio_pin_direction_initialize+4
   910  0028' 0803'              	movf	??_gpio_pin_direction_initialize+3,w
   911  0029' 0084               	movwf	4
   912  002A' 1783               	bsf	3,7
   913  002B' 1C04'              	btfss	??_gpio_pin_direction_initialize+4,0
   914  002C' 1383               	bcf	3,7
   915  002D' 087F               	movf	btemp+1,w
   916  002E' 0580               	andwf	0,f
   917                           
   918                           ;MCAL_LAYER/GPIO/mcal_gpio.c: 23:                 break;
   919  002F' 2800'              	goto	l51
   920  0030'                    l738:
   921                           
   922                           ;MCAL_LAYER/GPIO/mcal_gpio.c: 25:                 (*tris_registers[pin->port] |= (0x01 <
      +                          < pin->pin));
   923  0030' 3001               	movlw	1
   924  0031' 0080'              	movwf	??_gpio_pin_direction_initialize
   925  0032' 0805'              	movf	gpio_pin_direction_initialize@pin,w
   926  0033' 0084               	movwf	4
   927  0034' 0C00               	rrf	0,w
   928  0035' 0081'              	movwf	??_gpio_pin_direction_initialize+1
   929  0036' 0C81'              	rrf	??_gpio_pin_direction_initialize+1,f
   930  0037' 0C01'              	rrf	??_gpio_pin_direction_initialize+1,w
   931  0038' 3907               	andlw	7
   932  0039' 3E01               	addlw	1
   933  003A' 2800'              	goto	u214
   934  003B'                    u215:
   935  003B' 1003               	clrc
   936  003C' 0D80'              	rlf	??_gpio_pin_direction_initialize,f
   937  003D'                    u214:
   938  003D' 3EFF               	addlw	-1
   939  003E' 1D03               	skipz
   940  003F' 2800'              	goto	u215
   941  0040' 0800'              	movf	??_gpio_pin_direction_initialize,w
   942  0041' 00FF               	movwf	btemp+1
   943  0042' 0805'              	movf	gpio_pin_direction_initialize@pin,w
   944  0043' 0084               	movwf	4
   945  0044' 0800               	movf	0,w
   946  0045' 3907               	andlw	7
   947  0046' 0082'              	movwf	??_gpio_pin_direction_initialize+2
   948  0047' 0702'              	addwf	??_gpio_pin_direction_initialize+2,w
   949  0048' 3E00'              	addlw	(low (_tris_registers| 0))& (0+255)
   950  0049' 0084               	movwf	4
   951  004A' 1383               	bcf	3,7	;select IRP bank0
   952  004B' 0800               	movf	0,w
   953  004C' 0083'              	movwf	??_gpio_pin_direction_initialize+3
   954  004D' 0A84               	incf	4,f
   955  004E' 0800               	movf	0,w
   956  004F' 0084'              	movwf	??_gpio_pin_direction_initialize+4
   957  0050' 0803'              	movf	??_gpio_pin_direction_initialize+3,w
   958  0051' 0084               	movwf	4
   959  0052' 1783               	bsf	3,7
   960  0053' 1C04'              	btfss	??_gpio_pin_direction_initialize+4,0
   961  0054' 1383               	bcf	3,7
   962  0055' 087F               	movf	btemp+1,w
   963  0056' 0480               	iorwf	0,f
   964                           
   965                           ;MCAL_LAYER/GPIO/mcal_gpio.c: 26:                 break;
   966  0057' 2800'              	goto	l51
   967  0058'                    l742:
   968  0058' 0805'              	movf	gpio_pin_direction_initialize@pin,w
   969  0059' 0084               	movwf	4
   970  005A' 0D00               	rlf	0,w
   971  005B' 0D00               	rlf	0,w
   972  005C' 3901               	andlw	1
   973                           
   974                           ; Switch size 1, requested type "simple"
   975                           ; Number of cases is 2, Range of values is 0 to 1
   976                           ; switch strategies available:
   977                           ; Name         Instructions Cycles
   978                           ; simple_byte            7     4 (average)
   979                           ; direct_byte           14     8 (fixed)
   980                           ; jumptable            260     6 (fixed)
   981                           ;	Chosen strategy is simple_byte
   982  005D' 3A00               	xorlw	0	; case 0
   983  005E' 1903               	skipnz
   984  005F' 2800'              	goto	l736
   985  0060' 3A01               	xorlw	1	; case 1
   986  0061' 1903               	skipnz
   987  0062' 2800'              	goto	l738
   988  0063' 2800'              	goto	l51
   989  0064'                    l51:
   990  0064' 0008               	return
   991  0065'                    __end_of_gpio_pin_direction_initialize:
   992  007E                     btemp	set	126	;btemp
   993  007E                     wtemp0	set	126
   994                           
   995                           	psect	config
   996                           
   997                           ;Config register CONFIG @ 0x2007
   998                           ;	Oscillator Selection bits
   999                           ;	FOSC = HS, HS oscillator
  1000                           ;	Watchdog Timer Enable bit
  1001                           ;	WDTE = OFF, WDT disabled
  1002                           ;	Power-up Timer Enable bit
  1003                           ;	PWRTE = ON, PWRT enabled
  1004                           ;	Brown-out Reset Enable bit
  1005                           ;	BOREN = ON, BOR enabled
  1006                           ;	Low-Voltage (Single-Supply) In-Circuit Serial Programming Enable bit
  1007                           ;	LVP = OFF, RB3 is digital I/O, HV on MCLR must be used for programming
  1008                           ;	Data EEPROM Memory Code Protection bit
  1009                           ;	CPD = OFF, Data EEPROM code protection off
  1010                           ;	Flash Program Memory Write Enable bits
  1011                           ;	WRT = OFF, Write protection off; all program memory may be written to by EECON control
  1012                           ;	In-Circuit Debugger Mode bit
  1013                           ;	DEBUG = 0x1, unprogrammed default
  1014                           ;	Flash Program Memory Code Protection bit
  1015                           ;	CP = OFF, Code protection off
  1016  2007                     	org	8199
  1017  2007  3F72               	dw	16242

Data Sizes:
    Strings     0
    Constant    0
    Data        22
    BSS         0
    Persistent  0
    Stack       0

Auto Spaces:
    Space          Size  Autos    Used
    COMMON           14      8      10
    BANK0            80      0      20
    BANK1            80      0       0
    BANK3            96      0       0
    BANK2            96      0       0

Pointer List with Targets:

    gpio_pin_direction_initialize@pin	PTR const struct . size(1) Largest target is 1
		 -> pin(COMMON[1]), pin2(COMMON[1]), 

    gpio_pin_initialize@pin	PTR const struct . size(1) Largest target is 1
		 -> pin(COMMON[1]), pin2(COMMON[1]), 

    gpio_pin_write_logic@pin	PTR const struct . size(1) Largest target is 1
		 -> pin(COMMON[1]), pin2(COMMON[1]), 

    port_registers	PTR volatile unsigned char [5] size(2) Largest target is 1
		 -> PORTA(SFR0[1]), PORTB(SFR0[1]), PORTC(SFR0[1]), PORTD(SFR0[1]), 
		 -> PORTE(SFR0[1]), 

    tris_registers	PTR volatile unsigned char [5] size(2) Largest target is 1
		 -> TRISA(SFR1[1]), TRISB(SFR1[1]), TRISC(SFR1[1]), TRISD(SFR1[1]), 
		 -> TRISE(SFR1[1]), 


Critical Paths under _main in COMMON

    _main->_gpio_pin_initialize
    _gpio_pin_initialize->_gpio_pin_write_logic

Critical Paths under _main in BANK0

    None.

Critical Paths under _main in BANK1

    None.

Critical Paths under _main in BANK3

    None.

Critical Paths under _main in BANK2

    None.

Call Graph Tables:

 ---------------------------------------------------------------------------------
 (Depth) Function   	        Calls       Base Space   Used Autos Params    Refs
 ---------------------------------------------------------------------------------
 (0) _main                                                 0     0      0    1269
                         ___delay_ms
                _gpio_pin_initialize
               _gpio_pin_write_logic
 ---------------------------------------------------------------------------------
 (1) _gpio_pin_initialize                                  2     2      0     802
                                              7 COMMON     1     1      0
      _gpio_pin_direction_initialize
               _gpio_pin_write_logic
 ---------------------------------------------------------------------------------
 (1) _gpio_pin_write_logic                                 8     7      1     467
                                              0 COMMON     7     6      1
 ---------------------------------------------------------------------------------
 (2) _gpio_pin_direction_initialize                        7     7      0     173
                                              0 COMMON     6     6      0
 ---------------------------------------------------------------------------------
 (1) ___delay_ms                                           2     0      2       0
 ---------------------------------------------------------------------------------
 Estimated maximum stack depth 2
 ---------------------------------------------------------------------------------

 Call Graph Graphs:

 _main (ROOT)
   ___delay_ms
   _gpio_pin_initialize
     _gpio_pin_direction_initialize
     _gpio_pin_write_logic
   _gpio_pin_write_logic

 Address spaces:
Name               Size   Autos  Total    Cost      Usage
BANK3               60      0       0       9        0.0%
BITBANK3            60      0       0       8        0.0%
SFR3                 0      0       0       4        0.0%
BITSFR3              0      0       0       4        0.0%
BANK2               60      0       0      11        0.0%
BITBANK2            60      0       0      10        0.0%
SFR2                 0      0       0       5        0.0%
BITSFR2              0      0       0       5        0.0%
BANK1               50      0       0       7        0.0%
BITBANK1            50      0       0       6        0.0%
SFR1                 0      0       0       2        0.0%
BITSFR1              0      0       0       2        0.0%
BANK0               50      0      14       5       25.0%
BITBANK0            50      0       0       4        0.0%
SFR0                 0      0       0       1        0.0%
BITSFR0              0      0       0       1        0.0%
COMMON               E      8       A       1       71.4%
BITCOMMON            E      0       0       0        0.0%
CODE                 0      0       0       0        0.0%
DATA                 0      0      1E      12        0.0%
ABS                  0      0      1E       3        0.0%
NULL                 0      0       0       0        0.0%
STACK                0      0       0       2        0.0%
EEDATA             100      0       0       0        0.0%


Microchip Technology PIC Macro Assembler V2.46 build 20240104201356 
Symbol Table                                                                                   Mon Jul 08 07:10:08 2024

                                    pc 0002                                     l51 0064  
                                   l67 0068                                     l84 0019  
                                   fsr 0004                                    l720 002F  
                                  l712 0001                                    l730 0001  
                                  l714 0001                                    l732 0001  
                                  l716 0006                                    l724 0058  
                                  l734 0006                                    l742 0058  
                                  l718 0007                                    l750 0007  
                                  l736 0007                                    l744 0001  
                                  l760 0026                                    l738 0030  
                                  l746 0001                                    l754 0000  
                                  l748 0006                                    l756 000C  
                                  l758 0015                                    l796 0060  
                                  u204 0014                                    u220 0006  
                                  u205 0012                                    u221 0005  
                                  u214 003D                                    u215 003B  
                                  u160 0006                                    u161 0005  
                                  u190 0006                                    u174 0014  
                                  u191 0005                                    u175 0012  
                                  u184 003C                                    u185 003A  
                                  _pin 0001                                    fsr0 0004  
                                  indf 0000                                   _main 0000  
                                 _pin2 0000                                   btemp 007E  
                                 start 0000*                  _gpio_pin_write_logic 0000  
                                ?_main 0000                                  _PORTA 0005  
                                _PORTB 0006                                  _PORTC 0007  
                                _PORTD 0008                                  _PORTE 0009  
                                _TRISA 0085                                  _TRISB 0086  
                                _TRISC 0087                                  _TRISD 0088  
                                _TRISE 0089                                  pclath 000A  
                                status 0003                                  wtemp0 007E  
       ?_gpio_pin_direction_initialize 0000                        __initialization 0000  
                         __end_of_main 0031                  ?_gpio_pin_write_logic 0000  
                               ??_main 0008                           __pdataCOMMON 0000  
                           ___delay_ms 0000*               __end_of__initialization 001A  
               ??_gpio_pin_write_logic 0001                         __pcstackCOMMON 0000  
                         __pidataBANK0 0000                             __pmaintext 0000  
                          ?___delay_ms 0000                         _tris_registers 000A  
                  _gpio_pin_initialize 0000                                __ptext1 0000  
                              __ptext2 0000                                __ptext3 0000  
      ??_gpio_pin_direction_initialize 0000                   ?_gpio_pin_initialize 0000  
                 end_of_initialization 001A                  ??_gpio_pin_initialize 0007  
                        __pidataCOMMON 0000                    start_initialization 0000  
__end_of_gpio_pin_direction_initialize 0065          _gpio_pin_direction_initialize 0000  
                           init_fetch0 0000                            __pdataBANK0 0000  
                            ___latbits 0002                           ??___delay_ms 0000  
            gpio_pin_write_logic@logic 0000       gpio_pin_direction_initialize@pin 0005  
               gpio_pin_initialize@pin 0007                gpio_pin_write_logic@pin 0006  
          __end_of_gpio_pin_initialize 001A                               init_ram0 0004  
         __end_of_gpio_pin_write_logic 0069                         _port_registers 0000  
